2023-07-09 13:56:03,016 execution  strarts
2023-07-09 13:56:03,022 data read successful
2023-07-09 13:56:03,029 user details is           serverip username password
0  192.168.122.201  tarkesh  tarkesh
2023-07-09 13:56:03,029 going into configrution
2023-07-09 13:56:03,030 Trying to connect switch IP: 192.168.122.201 with user:tarkesh
2023-07-09 13:56:03,238 getting running conf
2023-07-09 13:56:08,331 
**************************************************************************
* IOSv is strictly limited to use for evaluation, demonstration and IOS  *
* education. IOSv is provided as-is and is not supported by Cisco's      *
* Technical Advisory Center. Any use or disclosure, in whole or in part, *
* of the IOSv Software or Documentation to any third party for any       *
* purposes is expressly prohibited except as otherwise authorized by     *
* Cisco in writing.                                                      *
**************************************************************************
Switch#terminal length 0
Switch#show run
Building configuration...

  
Current configuration : 3715 bytes
!
! Last configuration change at 13:51:18 UTC Sun Jul 9 2023 by tarkesh
!
version 15.2
service timestamps debug datetime msec
service timestamps log datetime msec
no service password-encryption
service compress-config
!
hostname Switch
!
boot-start-marker
boot-end-marker
!
!
enable password tarkesh
!
username tarkesh privilege 15 password 0 tarkesh
no aaa new-model
!
!
!
!
!
!
!
!
ip domain-name cciepython.com
ip cef
no ipv6 cef
!
!
!
spanning-tree mode rapid-pvst
spanning-tree extend system-id
!
vlan internal allocation policy ascending
!
! 
!
!
!
!
!
!
!
!
!
!
!
!
interface GigabitEthernet0/0
 media-type rj45
 negotiation auto
!
interface GigabitEthernet0/1
 media-type rj45
 negotiation auto
!
interface GigabitEthernet0/2
 media-type rj45
 negotiation auto
!
interface GigabitEthernet0/3
 media-type rj45
 negotiation auto
!
interface GigabitEthernet1/0
 media-type rj45
 negotiation auto
!
interface GigabitEthernet1/1
 media-type rj45
 negotiation auto
!
interface GigabitEthernet1/2
 media-type rj45
 negotiation auto
!
interface GigabitEthernet1/3
 media-type rj45
 negotiation auto
!
interface GigabitEthernet2/0
 media-type rj45
 negotiation auto
!
interface GigabitEthernet2/1
 media-type rj45
 negotiation auto
!
interface GigabitEthernet2/2
 media-type rj45
 negotiation auto
!
interface GigabitEthernet2/3
 media-type rj45
 negotiation auto
!
interface GigabitEthernet3/0
 media-type rj45
 negotiation auto
!
interface GigabitEthernet3/1
 media-type rj45
 negotiation auto
!
interface GigabitEthernet3/2
 media-type rj45
 negotiation auto
!
interface GigabitEthernet3/3
 media-type rj45
 negotiation auto
!
interface Vlan1
 ip address 192.168.122.201 255.255.255.0
!
ip forward-protocol nd
!
no ip http server
no ip http secure-server
!
!
!
!
!
!
control-plane
!
banner exec ^C
**************************************************************************
* IOSv is strictly limited to use for evaluation, demonstration and IOS  *
* education. IOSv is provided as-is and is not supported by Cisco's      *
* Technical Advisory Center. Any use or disclosure, in whole or in part, *
* of the IOSv Software or Documentation to any third party for any       *
* purposes is expressly prohibited except as otherwise authorized by     *
* Cisco in writing.                                                      *
**************************************************************************^C
banner incoming ^C
**************************************************************************
* IOSv is strictly limited to use for evaluation, demonstration and IOS  *
* education. IOSv is provided as-is and is not supported by Cisco's      *
* Technical Advisory Center. Any use or disclosure, in whole or in part, *
* of the IOSv Software or Documentation to any third party for any       *
* purposes is expressly prohibited except as otherwise authorized by     *
* Cisco in writing.                                                      *
**************************************************************************^C
banner login ^C
**************************************************************************
* IOSv is strictly limited to use for evaluation, demonstration and IOS  *
* education. IOSv is provided as-is and is not supported by Cisco's      *
* Technical Advisory Center. Any use or disclosure, in whole or in part, *
* of the IOSv Software or Documentation to any third party for any       *
* purposes is expressly prohibited except as otherwise authorized by     *
* Cisco in writing.                                                      *
**************************************************************************^C
!
line con 0
line aux 0
line vty 0 4
 login local
 transport input all
!
!
end

Switch#exit

2023-07-09 13:56:08,332 execution completed
